[+] Containers:
 |- [+] Container: /Game/map
 |   |- [+] ActorDescs:
 |   |   |- Guid:01FBDE68475479A687CCEF91AEDDE76C BaseClass: NativeClass:/Script/NavigationSystem.NavMeshBoundsVolume Name:NavMeshBoundsVolume_UAID_047C1640C4C58E9301_1207106396 Label:NavMeshBoundsVolume SpatiallyLoaded:0 Bounds:IsValid=true, Min=(X=-15005.000 Y=35253.000 Z=-925.000), Max=(X=-13155.000 Y=37103.000 Z=925.000) RuntimeGrid:None EditorOnly:0 RuntimeOnly:0 HLODRelevant:0
 |   |   |- Guid:1D3D26F04B6DC10BEFB5B69E5CF914C8 BaseClass: NativeClass:/Script/Engine.VolumetricCloud Name:VolumetricCloud_UAID_A85E45CFE40401D200_1470381760 Label:VolumetricCloud SpatiallyLoaded:0 Bounds:IsValid=true, Min=(X=0.000 Y=0.000 Z=0.000), Max=(X=0.000 Y=0.000 Z=0.000) RuntimeGrid:None EditorOnly:0 RuntimeOnly:0 HLODRelevant:0 FolderPath:Lighting FolderGuid:B7E9BD5B45A652654791988DEF54CCEB
 |   |   |- Guid:1DE8D7AC4103A2EABA11649C7FCF8ACA BaseClass: NativeClass:/Script/Engine.SkyLight Name:SkyLight_UAID_A85E45CFE40401D200_1470380759 Label:SkyLight SpatiallyLoaded:0 Bounds:IsValid=true, Min=(X=0.000 Y=0.000 Z=0.000), Max=(X=0.000 Y=0.000 Z=0.000) RuntimeGrid:None EditorOnly:0 RuntimeOnly:0 HLODRelevant:0 FolderPath:Lighting FolderGuid:B7E9BD5B45A652654791988DEF54CCEB
 |   |   |- Guid:218E3B124735712D7EF272B4FB8E7FF6 BaseClass: NativeClass:/Script/Landscape.Landscape Name:Landscape_UAID_A85E45CFE404FBD100_1221515703 Label:Landscape SpatiallyLoaded:0 Bounds:IsValid=true, Min=(X=-100800.000 Y=-100800.000 Z=100.000), Max=(X=-100800.000 Y=-100800.000 Z=100.000) RuntimeGrid:None EditorOnly:0 RuntimeOnly:0 HLODRelevant:0
 |   |   |- Guid:2CE12F874AA39D020A0F4BA5739BD305 BaseClass: NativeClass:/Script/Engine.SkyAtmosphere Name:SkyAtmosphere_UAID_A85E45CFE40401D200_1470382762 Label:SkyAtmosphere SpatiallyLoaded:0 Bounds:IsValid=true, Min=(X=0.000 Y=0.000 Z=0.000), Max=(X=0.000 Y=0.000 Z=0.000) RuntimeGrid:None EditorOnly:0 RuntimeOnly:0 HLODRelevant:0 FolderPath:Lighting FolderGuid:B7E9BD5B45A652654791988DEF54CCEB
 |   |   |- Guid:314B55FC4A8A11B353C709BF9D2AF670 BaseClass: NativeClass:/Script/Engine.TriggerBox Name:TriggerBox_UAID_047C1640C4C58C9301_1855138039 Label:BoxArriver2 SpatiallyLoaded:1 Bounds:IsValid=true, Min=(X=-14260.000 Y=36558.000 Z=31.000), Max=(X=-14180.000 Y=36638.000 Z=111.000) RuntimeGrid:None EditorOnly:0 RuntimeOnly:0 HLODRelevant:0
 |   |   |- Guid:3D3F1C9D47A80AC6BD4A1DB47F7C6E2D BaseClass: NativeClass:/Script/Engine.StaticMeshActor Name:StaticMeshActor_UAID_047C1640C4C58C9301_1558675037 Label:Valor_sold_etal_du_marchant SpatiallyLoaded:1 Bounds:IsValid=true, Min=(X=-14590.155 Y=35812.938 Z=-2.745), Max=(X=-14067.845 Y=36209.290 Z=229.066) RuntimeGrid:None EditorOnly:0 RuntimeOnly:0 HLODRelevant:1
 |   |   |- Guid:3F36F6E343853B5EFB38DF82C9F47BC1 BaseClass: NativeClass:/Script/Landscape.LandscapeStreamingProxy Name:LandscapeStreamingProxy_D7T4VF4LBP34PHV9XOEVM5TIG_1_3_6_0 Label:LandscapeStreamingProxy_3_6_0 SpatiallyLoaded:1 Bounds:IsValid=true, Min=(X=-25200.000 Y=50400.000 Z=189.062), Max=(X=0.000 Y=75600.000 Z=5252.344) RuntimeGrid:None EditorOnly:0 RuntimeOnly:0 HLODRelevant:1
 |   |   |- Guid:509E5A744921F978A3571F8559B9FBAD BaseClass:/Game/Acteur/BP_objetSword.BP_objetSword_C NativeClass:/Script/Engine.Actor Name:BP_objetSword_C_UAID_047C1640C4C5959301_2144216616 Label:BP_objetSword2 SpatiallyLoaded:1 Bounds:IsValid=true, Min=(X=-14191.000 Y=35519.000 Z=0.000), Max=(X=-14166.000 Y=35544.000 Z=25.000) RuntimeGrid:None EditorOnly:0 RuntimeOnly:0 HLODRelevant:0
 |   |   |- Guid:5368FABB47D6D9580DAECA8B0417BF92 BaseClass: NativeClass:/Script/Engine.WorldDataLayers Name:WorldDataLayers Label:WorldDataLayers-1 SpatiallyLoaded:0 Bounds:IsValid=true, Min=(X=0.000 Y=0.000 Z=0.000), Max=(X=0.000 Y=0.000 Z=0.000) RuntimeGrid:None EditorOnly:0 RuntimeOnly:0 HLODRelevant:0
 |   |   |- Guid:57F444B242D11A56995749B36C2CE7FE BaseClass:/Game/Acteur/BP_objetSword.BP_objetSword_C NativeClass:/Script/Engine.Actor Name:BP_objetSword_C_UAID_047C1640C4C5959301_1981643615 Label:BP_objetSword SpatiallyLoaded:1 Bounds:IsValid=true, Min=(X=0.000 Y=0.000 Z=0.000), Max=(X=25.000 Y=25.000 Z=25.000) RuntimeGrid:None EditorOnly:0 RuntimeOnly:0 HLODRelevant:0
 |   |   |- Guid:67D7509945083CB08BA56FBACA999A6E BaseClass:/Game/Acteur/SeilingWindows.SeilingWindows_C NativeClass:/Script/Engine.Actor Name:SeilingWindows_C_UAID_047C1640C4C5939301_2038577278 Label:SeilingWindows SpatiallyLoaded:1 Bounds:IsValid=true, Min=(X=-14161.500 Y=35831.500 Z=101.500), Max=(X=-14136.500 Y=35856.500 Z=126.500) RuntimeGrid:None EditorOnly:0 RuntimeOnly:0 HLODRelevant:0
 |   |   |- Guid:81C5E0724B29C3EF4A043E899BB4899E BaseClass: NativeClass:/Script/NavigationSystem.NavMeshBoundsVolume Name:NavMeshBoundsVolume_UAID_047C1640C4C58D9301_1404926217 Label:NavMeshBoundsVolume SpatiallyLoaded:0 Bounds:IsValid=true, Min=(X=-15489.000 Y=35120.000 Z=-102.000), Max=(X=-13089.000 Y=37520.000 Z=98.000) RuntimeGrid:None EditorOnly:0 RuntimeOnly:0 HLODRelevant:0
 |   |   |- Guid:9AA48BD04CB873661E75B0973B2BF04A BaseClass: NativeClass:/Script/Landscape.LandscapeStreamingProxy Name:LandscapeStreamingProxy_D7T4VF4LBP34PHV9XOEVM5TIG_1_3_5_0 Label:LandscapeStreamingProxy_3_5_0 SpatiallyLoaded:1 Bounds:IsValid=true, Min=(X=-25200.000 Y=25200.000 Z=-2.344), Max=(X=0.000 Y=50400.000 Z=1284.375) RuntimeGrid:None EditorOnly:0 RuntimeOnly:0 HLODRelevant:1
 |   |   |- Guid:9FBB798444C4BDFFDAFB389A88AB4712 BaseClass: NativeClass:/Script/NavigationSystem.NavMeshBoundsVolume Name:NavMeshBoundsVolume_UAID_047C1640C4C58F9301_1150476573 Label:NavMeshBoundsVolume SpatiallyLoaded:0 Bounds:IsValid=true, Min=(X=-15200.000 Y=35247.000 Z=-102.000), Max=(X=-13200.000 Y=37247.000 Z=98.000) RuntimeGrid:None EditorOnly:0 RuntimeOnly:0 HLODRelevant:0
 |   |   |- Guid:AAAC6B5742760A58C2206DB37E44683C BaseClass: NativeClass:/Script/Engine.DirectionalLight Name:DirectionalLight_UAID_A85E45CFE40401D200_1470382761 Label:DirectionalLight SpatiallyLoaded:0 Bounds:IsValid=true, Min=(X=-4398046511104.000 Y=-4398046511104.000 Z=-4398046511104.000), Max=(X=4398046511104.000 Y=4398046511104.000 Z=4398046511104.000) RuntimeGrid:None EditorOnly:0 RuntimeOnly:0 HLODRelevant:0 FolderPath:Lighting FolderGuid:B7E9BD5B45A652654791988DEF54CCEB
 |   |   |- Guid:C735EEC94224C38C875E008F4D228EEF BaseClass: NativeClass:/Script/NavigationSystem.NavMeshBoundsVolume Name:NavMeshBoundsVolume_UAID_047C1640C4C58D9301_2014882218 Label:NavMeshBoundsVolume SpatiallyLoaded:0 Bounds:IsValid=true, Min=(X=-15422.000 Y=35366.000 Z=-309.000), Max=(X=-13422.000 Y=37366.000 Z=291.000) RuntimeGrid:None EditorOnly:0 RuntimeOnly:0 HLODRelevant:0
 |   |   |- Guid:D3FB7383421AAEFD3DB6F8B1E415A9FE BaseClass: NativeClass:/Script/Engine.ExponentialHeightFog Name:ExponentialHeightFog_UAID_A85E45CFE40401D200_1470382763 Label:ExponentialHeightFog SpatiallyLoaded:0 Bounds:IsValid=true, Min=(X=-5600.000 Y=-50.000 Z=-6850.000), Max=(X=-5600.000 Y=-50.000 Z=-6850.000) RuntimeGrid:None EditorOnly:0 RuntimeOnly:0 HLODRelevant:0 FolderPath:Lighting FolderGuid:B7E9BD5B45A652654791988DEF54CCEB
 |   |   |- Guid:DBC6101B43BA5EF3796D9093E424AC0F BaseClass: NativeClass:/Script/Engine.TriggerBox Name:TriggerBox_UAID_047C1640C4C58C9301_1434996034 Label:BoxArriver SpatiallyLoaded:1 Bounds:IsValid=true, Min=(X=-14260.000 Y=35899.000 Z=31.000), Max=(X=-14180.000 Y=35979.000 Z=111.000) RuntimeGrid:None EditorOnly:0 RuntimeOnly:0 HLODRelevant:0
 |   |   |- Guid:EF68CC67429621FBFA19FC9E352C9815 BaseClass: NativeClass:/Script/NavigationSystem.RecastNavMesh Name:RecastNavMesh_UAID_047C1640C4C58D9301-Default Label:RecastNavMesh-Default SpatiallyLoaded:0 Bounds:IsValid=true, Min=(X=0.000 Y=0.000 Z=0.000), Max=(X=0.000 Y=0.000 Z=0.000) RuntimeGrid:None EditorOnly:0 RuntimeOnly:0 HLODRelevant:0
 |   |- [+] Clusters:
 |   |   |- [+] [  0]
 |   |   |   |- Guid:2CE12F874AA39D020A0F4BA5739BD305 BaseClass: NativeClass:/Script/Engine.SkyAtmosphere Name:SkyAtmosphere_UAID_A85E45CFE40401D200_1470382762 Label:SkyAtmosphere SpatiallyLoaded:0 Bounds:IsValid=true, Min=(X=0.000 Y=0.000 Z=0.000), Max=(X=0.000 Y=0.000 Z=0.000) RuntimeGrid:None EditorOnly:0 RuntimeOnly:0 HLODRelevant:0 FolderPath:Lighting FolderGuid:B7E9BD5B45A652654791988DEF54CCEB
 |   |   |- [+] [  1]
 |   |   |   |- Guid:EF68CC67429621FBFA19FC9E352C9815 BaseClass: NativeClass:/Script/NavigationSystem.RecastNavMesh Name:RecastNavMesh_UAID_047C1640C4C58D9301-Default Label:RecastNavMesh-Default SpatiallyLoaded:0 Bounds:IsValid=true, Min=(X=0.000 Y=0.000 Z=0.000), Max=(X=0.000 Y=0.000 Z=0.000) RuntimeGrid:None EditorOnly:0 RuntimeOnly:0 HLODRelevant:0
 |   |   |- [+] [  2]
 |   |   |   |- Guid:C735EEC94224C38C875E008F4D228EEF BaseClass: NativeClass:/Script/NavigationSystem.NavMeshBoundsVolume Name:NavMeshBoundsVolume_UAID_047C1640C4C58D9301_2014882218 Label:NavMeshBoundsVolume SpatiallyLoaded:0 Bounds:IsValid=true, Min=(X=-15422.000 Y=35366.000 Z=-309.000), Max=(X=-13422.000 Y=37366.000 Z=291.000) RuntimeGrid:None EditorOnly:0 RuntimeOnly:0 HLODRelevant:0
 |   |   |- [+] [  3]
 |   |   |   |- Guid:1DE8D7AC4103A2EABA11649C7FCF8ACA BaseClass: NativeClass:/Script/Engine.SkyLight Name:SkyLight_UAID_A85E45CFE40401D200_1470380759 Label:SkyLight SpatiallyLoaded:0 Bounds:IsValid=true, Min=(X=0.000 Y=0.000 Z=0.000), Max=(X=0.000 Y=0.000 Z=0.000) RuntimeGrid:None EditorOnly:0 RuntimeOnly:0 HLODRelevant:0 FolderPath:Lighting FolderGuid:B7E9BD5B45A652654791988DEF54CCEB
 |   |   |- [+] [  4]
 |   |   |   |- Guid:AAAC6B5742760A58C2206DB37E44683C BaseClass: NativeClass:/Script/Engine.DirectionalLight Name:DirectionalLight_UAID_A85E45CFE40401D200_1470382761 Label:DirectionalLight SpatiallyLoaded:0 Bounds:IsValid=true, Min=(X=-4398046511104.000 Y=-4398046511104.000 Z=-4398046511104.000), Max=(X=4398046511104.000 Y=4398046511104.000 Z=4398046511104.000) RuntimeGrid:None EditorOnly:0 RuntimeOnly:0 HLODRelevant:0 FolderPath:Lighting FolderGuid:B7E9BD5B45A652654791988DEF54CCEB
 |   |   |- [+] [  5]
 |   |   |   |- Guid:67D7509945083CB08BA56FBACA999A6E BaseClass:/Game/Acteur/SeilingWindows.SeilingWindows_C NativeClass:/Script/Engine.Actor Name:SeilingWindows_C_UAID_047C1640C4C5939301_2038577278 Label:SeilingWindows SpatiallyLoaded:1 Bounds:IsValid=true, Min=(X=-14161.500 Y=35831.500 Z=101.500), Max=(X=-14136.500 Y=35856.500 Z=126.500) RuntimeGrid:None EditorOnly:0 RuntimeOnly:0 HLODRelevant:0
 |   |   |- [+] [  6]
 |   |   |   |- Guid:3F36F6E343853B5EFB38DF82C9F47BC1 BaseClass: NativeClass:/Script/Landscape.LandscapeStreamingProxy Name:LandscapeStreamingProxy_D7T4VF4LBP34PHV9XOEVM5TIG_1_3_6_0 Label:LandscapeStreamingProxy_3_6_0 SpatiallyLoaded:1 Bounds:IsValid=true, Min=(X=-25200.000 Y=50400.000 Z=189.062), Max=(X=0.000 Y=75600.000 Z=5252.344) RuntimeGrid:None EditorOnly:0 RuntimeOnly:0 HLODRelevant:1
 |   |   |- [+] [  7]
 |   |   |   |- Guid:5368FABB47D6D9580DAECA8B0417BF92 BaseClass: NativeClass:/Script/Engine.WorldDataLayers Name:WorldDataLayers Label:WorldDataLayers-1 SpatiallyLoaded:0 Bounds:IsValid=true, Min=(X=0.000 Y=0.000 Z=0.000), Max=(X=0.000 Y=0.000 Z=0.000) RuntimeGrid:None EditorOnly:0 RuntimeOnly:0 HLODRelevant:0
 |   |   |- [+] [  8]
 |   |   |   |- Guid:81C5E0724B29C3EF4A043E899BB4899E BaseClass: NativeClass:/Script/NavigationSystem.NavMeshBoundsVolume Name:NavMeshBoundsVolume_UAID_047C1640C4C58D9301_1404926217 Label:NavMeshBoundsVolume SpatiallyLoaded:0 Bounds:IsValid=true, Min=(X=-15489.000 Y=35120.000 Z=-102.000), Max=(X=-13089.000 Y=37520.000 Z=98.000) RuntimeGrid:None EditorOnly:0 RuntimeOnly:0 HLODRelevant:0
 |   |   |- [+] [  9]
 |   |   |   |- Guid:1D3D26F04B6DC10BEFB5B69E5CF914C8 BaseClass: NativeClass:/Script/Engine.VolumetricCloud Name:VolumetricCloud_UAID_A85E45CFE40401D200_1470381760 Label:VolumetricCloud SpatiallyLoaded:0 Bounds:IsValid=true, Min=(X=0.000 Y=0.000 Z=0.000), Max=(X=0.000 Y=0.000 Z=0.000) RuntimeGrid:None EditorOnly:0 RuntimeOnly:0 HLODRelevant:0 FolderPath:Lighting FolderGuid:B7E9BD5B45A652654791988DEF54CCEB
 |   |   |- [+] [ 10]
 |   |   |   |- Guid:3D3F1C9D47A80AC6BD4A1DB47F7C6E2D BaseClass: NativeClass:/Script/Engine.StaticMeshActor Name:StaticMeshActor_UAID_047C1640C4C58C9301_1558675037 Label:Valor_sold_etal_du_marchant SpatiallyLoaded:1 Bounds:IsValid=true, Min=(X=-14590.155 Y=35812.938 Z=-2.745), Max=(X=-14067.845 Y=36209.290 Z=229.066) RuntimeGrid:None EditorOnly:0 RuntimeOnly:0 HLODRelevant:1
 |   |   |- [+] [ 11]
 |   |   |   |- Guid:DBC6101B43BA5EF3796D9093E424AC0F BaseClass: NativeClass:/Script/Engine.TriggerBox Name:TriggerBox_UAID_047C1640C4C58C9301_1434996034 Label:BoxArriver SpatiallyLoaded:1 Bounds:IsValid=true, Min=(X=-14260.000 Y=35899.000 Z=31.000), Max=(X=-14180.000 Y=35979.000 Z=111.000) RuntimeGrid:None EditorOnly:0 RuntimeOnly:0 HLODRelevant:0
 |   |   |- [+] [ 12]
 |   |   |   |- Guid:314B55FC4A8A11B353C709BF9D2AF670 BaseClass: NativeClass:/Script/Engine.TriggerBox Name:TriggerBox_UAID_047C1640C4C58C9301_1855138039 Label:BoxArriver2 SpatiallyLoaded:1 Bounds:IsValid=true, Min=(X=-14260.000 Y=36558.000 Z=31.000), Max=(X=-14180.000 Y=36638.000 Z=111.000) RuntimeGrid:None EditorOnly:0 RuntimeOnly:0 HLODRelevant:0
 |   |   |- [+] [ 13]
 |   |   |   |- Guid:218E3B124735712D7EF272B4FB8E7FF6 BaseClass: NativeClass:/Script/Landscape.Landscape Name:Landscape_UAID_A85E45CFE404FBD100_1221515703 Label:Landscape SpatiallyLoaded:0 Bounds:IsValid=true, Min=(X=-100800.000 Y=-100800.000 Z=100.000), Max=(X=-100800.000 Y=-100800.000 Z=100.000) RuntimeGrid:None EditorOnly:0 RuntimeOnly:0 HLODRelevant:0
 |   |   |- [+] [ 14]
 |   |   |   |- Guid:D3FB7383421AAEFD3DB6F8B1E415A9FE BaseClass: NativeClass:/Script/Engine.ExponentialHeightFog Name:ExponentialHeightFog_UAID_A85E45CFE40401D200_1470382763 Label:ExponentialHeightFog SpatiallyLoaded:0 Bounds:IsValid=true, Min=(X=-5600.000 Y=-50.000 Z=-6850.000), Max=(X=-5600.000 Y=-50.000 Z=-6850.000) RuntimeGrid:None EditorOnly:0 RuntimeOnly:0 HLODRelevant:0 FolderPath:Lighting FolderGuid:B7E9BD5B45A652654791988DEF54CCEB
 |   |   |- [+] [ 15]
 |   |   |   |- Guid:9FBB798444C4BDFFDAFB389A88AB4712 BaseClass: NativeClass:/Script/NavigationSystem.NavMeshBoundsVolume Name:NavMeshBoundsVolume_UAID_047C1640C4C58F9301_1150476573 Label:NavMeshBoundsVolume SpatiallyLoaded:0 Bounds:IsValid=true, Min=(X=-15200.000 Y=35247.000 Z=-102.000), Max=(X=-13200.000 Y=37247.000 Z=98.000) RuntimeGrid:None EditorOnly:0 RuntimeOnly:0 HLODRelevant:0
 |   |   |- [+] [ 16]
 |   |   |   |- Guid:9AA48BD04CB873661E75B0973B2BF04A BaseClass: NativeClass:/Script/Landscape.LandscapeStreamingProxy Name:LandscapeStreamingProxy_D7T4VF4LBP34PHV9XOEVM5TIG_1_3_5_0 Label:LandscapeStreamingProxy_3_5_0 SpatiallyLoaded:1 Bounds:IsValid=true, Min=(X=-25200.000 Y=25200.000 Z=-2.344), Max=(X=0.000 Y=50400.000 Z=1284.375) RuntimeGrid:None EditorOnly:0 RuntimeOnly:0 HLODRelevant:1
 |   |   |- [+] [ 17]
 |   |   |   |- Guid:01FBDE68475479A687CCEF91AEDDE76C BaseClass: NativeClass:/Script/NavigationSystem.NavMeshBoundsVolume Name:NavMeshBoundsVolume_UAID_047C1640C4C58E9301_1207106396 Label:NavMeshBoundsVolume SpatiallyLoaded:0 Bounds:IsValid=true, Min=(X=-15005.000 Y=35253.000 Z=-925.000), Max=(X=-13155.000 Y=37103.000 Z=925.000) RuntimeGrid:None EditorOnly:0 RuntimeOnly:0 HLODRelevant:0
 |   |   |- [+] [ 18]
 |   |   |   |- Guid:57F444B242D11A56995749B36C2CE7FE BaseClass:/Game/Acteur/BP_objetSword.BP_objetSword_C NativeClass:/Script/Engine.Actor Name:BP_objetSword_C_UAID_047C1640C4C5959301_1981643615 Label:BP_objetSword SpatiallyLoaded:1 Bounds:IsValid=true, Min=(X=0.000 Y=0.000 Z=0.000), Max=(X=25.000 Y=25.000 Z=25.000) RuntimeGrid:None EditorOnly:0 RuntimeOnly:0 HLODRelevant:0
 |   |   |- [+] [ 19]
 |   |   |   |- Guid:509E5A744921F978A3571F8559B9FBAD BaseClass:/Game/Acteur/BP_objetSword.BP_objetSword_C NativeClass:/Script/Engine.Actor Name:BP_objetSword_C_UAID_047C1640C4C5959301_2144216616 Label:BP_objetSword2 SpatiallyLoaded:1 Bounds:IsValid=true, Min=(X=-14191.000 Y=35519.000 Z=0.000), Max=(X=-14166.000 Y=35544.000 Z=25.000) RuntimeGrid:None EditorOnly:0 RuntimeOnly:0 HLODRelevant:0
 |- ContainerInstances:
 |- [+] MainContainer:
 |   |-        ID: 0x0000000000000000
 |   |-    Bounds: IsValid=true, Min=(X=-25200.000 Y=0.000 Z=-2.745), Max=(X=25.000 Y=75600.000 Z=5252.344)
 |   |- Transform: 0.000000,0.000000,0.000000|0.000000,0.000000,-0.000000|1.000000,1.000000,1.000000
 |   |- Container: /Game/map
----------------------------------------------------------------------------------------------------------------
map - Persistent Level
----------------------------------------------------------------------------------------------------------------
Always loaded Actor Count: 36 

----------------------------------------------------------------------------------------------------------------
map - Runtime Spatial Hash - Streaming Grid - MainGrid
----------------------------------------------------------------------------------------------------------------
            Origin: X=0.000 Y=0.000 Z=0.000
         Cell Size: 25600
      World Bounds: IsValid=true, Min=(X=-25200.000 Y=0.000 Z=-2.745), Max=(X=25.000 Y=75600.000 Z=5252.344)
     Loading Range: 76800.00
Block Slow Loading: No
 ClientOnlyVisible: No

[+] Grid Levels: 4
 |- Level  0: Cell Count    3 | Cell Size   25600 | Actor Count    6 (100.0%)
 |- Level  1: Cell Count    0 | Cell Size   51200 | Actor Count    0 (0.0%)
 |- Level  2: Cell Count    0 | Cell Size  102400 | Actor Count    0 (0.0%)
 |- Level  3: Cell Count    0 | Cell Size  204800 | Actor Count    0 (0.0%)

[+] Content of Grid Level 0
 |- [+] Content of Cell MainGrid_L0_X-1_Y1
 |   |- Actor Count: 4
 |   |- MinMaxZ: X=-2.745 Y=1284.375
 |   |- Actor Path: /Game/map.map:PersistentLevel.SeilingWindows_C_UAID_047C1640C4C5939301_2038577278
 |   |- Actor Package: /Game/__ExternalActors__/map/4/S7/81LKV1RYM2HPK54USYIKSP
 |   |- Actor Path: /Game/map.map:PersistentLevel.StaticMeshActor_UAID_047C1640C4C58C9301_1558675037
 |   |- Actor Package: /Game/__ExternalActors__/map/8/V0/NUKQ5DQIUHBWDS7VWCXFR7
 |   |- Actor Path: /Game/map.map:PersistentLevel.LandscapeStreamingProxy_D7T4VF4LBP34PHV9XOEVM5TIG_1_3_5_0
 |   |- Actor Package: /Game/__ExternalActors__/map/D/6C/T84FMNLLAK0KC7KWY38PP5
 |   |- Actor Path: /Game/map.map:PersistentLevel.BP_objetSword_C_UAID_047C1640C4C5959301_2144216616
 |   |- Actor Package: /Game/__ExternalActors__/map/2/CM/YZ7J06KF8IPTP0XZHOCEUK
 |- [+] Content of Cell MainGrid_L0_X-1_Y2
 |   |- Actor Count: 1
 |   |- MinMaxZ: X=189.062 Y=5252.344
 |   |- Actor Path: /Game/map.map:PersistentLevel.LandscapeStreamingProxy_D7T4VF4LBP34PHV9XOEVM5TIG_1_3_6_0
 |   |- Actor Package: /Game/__ExternalActors__/map/5/43/HR8T8YWN6NBRXD8HKW4BO0
 |- [+] Content of Cell MainGrid_L0_X0_Y0
 |   |- Actor Count: 1
 |   |- MinMaxZ: X=0.000 Y=25.000
 |   |- Actor Path: /Game/map.map:PersistentLevel.BP_objetSword_C_UAID_047C1640C4C5959301_1981643615
 |   |- Actor Package: /Game/__ExternalActors__/map/A/WT/KZ80Z1I9QUYIS02LL2VVCA
[+] Content of Grid Level 1
[+] Content of Grid Level 2
[+] Content of Grid Level 3

